Flow report for lcd
Sat Nov 19 20:54:48 2016
Quartus II 64-Bit Version 14.0.0 Build 200 06/17/2014 SJ Web Edition


---------------------
; Table of Contents ;
---------------------
  1. Legal Notice
  2. Flow Summary
  3. Flow Settings
  4. Flow Non-Default Global Settings
  5. Flow Elapsed Time
  6. Flow OS Summary
  7. Flow Log
  8. Flow Messages
  9. Flow Suppressed Messages



----------------
; Legal Notice ;
----------------
Copyright (C) 1991-2014 Altera Corporation. All rights reserved.
Your use of Altera Corporation's design tools, logic functions 
and other software and tools, and its AMPP partner logic 
functions, and any output files from any of the foregoing 
(including device programming or simulation files), and any 
associated documentation or information are expressly subject 
to the terms and conditions of the Altera Program License 
Subscription Agreement, the Altera Quartus II License Agreement,
the Altera MegaCore Function License Agreement, or other 
applicable license agreement, including, without limitation, 
that your use is for the sole purpose of programming logic 
devices manufactured by Altera and sold by Altera or its 
authorized distributors.  Please refer to the applicable 
agreement for further details.



+---------------------------------------------------------------------------------+
; Flow Summary                                                                    ;
+------------------------------------+--------------------------------------------+
; Flow Status                        ; Successful - Sat Nov 19 20:54:48 2016      ;
; Quartus II 64-Bit Version          ; 14.0.0 Build 200 06/17/2014 SJ Web Edition ;
; Revision Name                      ; lcd                                        ;
; Top-level Entity Name              ; lcd_controller                             ;
; Family                             ; Cyclone IV E                               ;
; Device                             ; EP4CE115F29C7                              ;
; Timing Models                      ; Final                                      ;
; Total logic elements               ; 2,299 / 114,480 ( 2 % )                    ;
;     Total combinational functions  ; 1,220 / 114,480 ( 1 % )                    ;
;     Dedicated logic registers      ; 1,953 / 114,480 ( 2 % )                    ;
; Total registers                    ; 1953                                       ;
; Total pins                         ; 41 / 529 ( 8 % )                           ;
; Total virtual pins                 ; 0                                          ;
; Total memory bits                  ; 950,272 / 3,981,312 ( 24 % )               ;
; Embedded Multiplier 9-bit elements ; 0 / 532 ( 0 % )                            ;
; Total PLLs                         ; 0 / 4 ( 0 % )                              ;
+------------------------------------+--------------------------------------------+


+-----------------------------------------+
; Flow Settings                           ;
+-------------------+---------------------+
; Option            ; Setting             ;
+-------------------+---------------------+
; Start date & time ; 11/19/2016 20:53:58 ;
; Main task         ; Compilation         ;
; Revision Name     ; lcd                 ;
+-------------------+---------------------+


+-----------------------------------------------------------------------------------------------------------------------------------------------------------------+
; Flow Non-Default Global Settings                                                                                                                                ;
+-------------------------------------+-----------------------------------------------------------------------+---------------+----------------+------------------+
; Assignment Name                     ; Value                                                                 ; Default Value ; Entity Name    ; Section Id       ;
+-------------------------------------+-----------------------------------------------------------------------+---------------+----------------+------------------+
; COMPILER_SIGNATURE_ID               ; 57277344072681.147960683808144                                        ; --            ; --             ; --               ;
; EDA_OUTPUT_DATA_FORMAT              ; Vhdl                                                                  ; --            ; --             ; eda_simulation   ;
; EDA_SIMULATION_TOOL                 ; ModelSim-Altera (VHDL)                                                ; <None>        ; --             ; --               ;
; ENABLE_SIGNALTAP                    ; On                                                                    ; --            ; --             ; --               ;
; MAX_CORE_JUNCTION_TEMP              ; 85                                                                    ; --            ; --             ; --               ;
; MIN_CORE_JUNCTION_TEMP              ; 0                                                                     ; --            ; --             ; --               ;
; NOMINAL_CORE_SUPPLY_VOLTAGE         ; 1.2V                                                                  ; --            ; --             ; --               ;
; PARTITION_COLOR                     ; 16764057                                                              ; --            ; lcd_controller ; Top              ;
; PARTITION_FITTER_PRESERVATION_LEVEL ; PLACEMENT_AND_ROUTING                                                 ; --            ; lcd_controller ; Top              ;
; PARTITION_NETLIST_TYPE              ; SOURCE                                                                ; --            ; lcd_controller ; Top              ;
; POWER_BOARD_THERMAL_MODEL           ; None (CONSERVATIVE)                                                   ; --            ; --             ; --               ;
; POWER_PRESET_COOLING_SOLUTION       ; 23 MM HEAT SINK WITH 200 LFPM AIRFLOW                                 ; --            ; --             ; --               ;
; PROJECT_OUTPUT_DIRECTORY            ; output_files                                                          ; --            ; --             ; --               ;
; SLD_FILE                            ; db/stp1_auto_stripped.stp                                             ; --            ; --             ; --               ;
; SLD_NODE_CREATOR_ID                 ; 110                                                                   ; --            ; --             ; auto_signaltap_0 ;
; SLD_NODE_ENTITY_NAME                ; sld_signaltap                                                         ; --            ; --             ; auto_signaltap_0 ;
; SLD_NODE_PARAMETER_ASSIGNMENT       ; SLD_RAM_BLOCK_TYPE=AUTO                                               ; --            ; --             ; auto_signaltap_0 ;
; SLD_NODE_PARAMETER_ASSIGNMENT       ; SLD_NODE_INFO=805334528                                               ; --            ; --             ; auto_signaltap_0 ;
; SLD_NODE_PARAMETER_ASSIGNMENT       ; SLD_POWER_UP_TRIGGER=0                                                ; --            ; --             ; auto_signaltap_0 ;
; SLD_NODE_PARAMETER_ASSIGNMENT       ; SLD_STORAGE_QUALIFIER_INVERSION_MASK_LENGTH=0                         ; --            ; --             ; auto_signaltap_0 ;
; SLD_NODE_PARAMETER_ASSIGNMENT       ; SLD_ATTRIBUTE_MEM_MODE=OFF                                            ; --            ; --             ; auto_signaltap_0 ;
; SLD_NODE_PARAMETER_ASSIGNMENT       ; SLD_STATE_FLOW_USE_GENERATED=0                                        ; --            ; --             ; auto_signaltap_0 ;
; SLD_NODE_PARAMETER_ASSIGNMENT       ; SLD_STATE_BITS=11                                                     ; --            ; --             ; auto_signaltap_0 ;
; SLD_NODE_PARAMETER_ASSIGNMENT       ; SLD_BUFFER_FULL_STOP=1                                                ; --            ; --             ; auto_signaltap_0 ;
; SLD_NODE_PARAMETER_ASSIGNMENT       ; SLD_CURRENT_RESOURCE_WIDTH=1                                          ; --            ; --             ; auto_signaltap_0 ;
; SLD_NODE_PARAMETER_ASSIGNMENT       ; SLD_INCREMENTAL_ROUTING=1                                             ; --            ; --             ; auto_signaltap_0 ;
; SLD_NODE_PARAMETER_ASSIGNMENT       ; SLD_TRIGGER_LEVEL=1                                                   ; --            ; --             ; auto_signaltap_0 ;
; SLD_NODE_PARAMETER_ASSIGNMENT       ; SLD_TRIGGER_IN_ENABLED=0                                              ; --            ; --             ; auto_signaltap_0 ;
; SLD_NODE_PARAMETER_ASSIGNMENT       ; SLD_TRIGGER_LEVEL_PIPELINE=1                                          ; --            ; --             ; auto_signaltap_0 ;
; SLD_NODE_PARAMETER_ASSIGNMENT       ; SLD_DATA_BITS=116                                                     ; --            ; --             ; auto_signaltap_0 ;
; SLD_NODE_PARAMETER_ASSIGNMENT       ; SLD_TRIGGER_BITS=116                                                  ; --            ; --             ; auto_signaltap_0 ;
; SLD_NODE_PARAMETER_ASSIGNMENT       ; SLD_STORAGE_QUALIFIER_BITS=116                                        ; --            ; --             ; auto_signaltap_0 ;
; SLD_NODE_PARAMETER_ASSIGNMENT       ; SLD_SEGMENT_SIZE=8192                                                 ; --            ; --             ; auto_signaltap_0 ;
; SLD_NODE_PARAMETER_ASSIGNMENT       ; SLD_SAMPLE_DEPTH=8192                                                 ; --            ; --             ; auto_signaltap_0 ;
; SLD_NODE_PARAMETER_ASSIGNMENT       ; SLD_INVERSION_MASK=000000000000000000000000000                        ; --            ; --             ; auto_signaltap_0 ;
; SLD_NODE_PARAMETER_ASSIGNMENT       ; SLD_INVERSION_MASK_LENGTH=27                                          ; --            ; --             ; auto_signaltap_0 ;
; SLD_NODE_PARAMETER_ASSIGNMENT       ; SLD_ADVANCED_TRIGGER_ENTITY=sld_reserved_lcd_auto_signaltap_0_1_de50, ; --            ; --             ; auto_signaltap_0 ;
; SLD_NODE_PARAMETER_ASSIGNMENT       ; SLD_ENABLE_ADVANCED_TRIGGER=1                                         ; --            ; --             ; auto_signaltap_0 ;
; TOP_LEVEL_ENTITY                    ; lcd_controller                                                        ; lcd           ; --             ; --               ;
; USE_SIGNALTAP_FILE                  ; output_files/stp1.stp                                                 ; --            ; --             ; --               ;
+-------------------------------------+-----------------------------------------------------------------------+---------------+----------------+------------------+


+-------------------------------------------------------------------------------------------------------------------------------+
; Flow Elapsed Time                                                                                                             ;
+---------------------------+--------------+-------------------------+---------------------+------------------------------------+
; Module Name               ; Elapsed Time ; Average Processors Used ; Peak Virtual Memory ; Total CPU Time (on all processors) ;
+---------------------------+--------------+-------------------------+---------------------+------------------------------------+
; Analysis & Synthesis      ; 00:00:12     ; 1.0                     ; 690 MB              ; 00:00:12                           ;
; Fitter                    ; 00:00:18     ; 1.2                     ; 1473 MB             ; 00:00:25                           ;
; Assembler                 ; 00:00:04     ; 1.0                     ; 520 MB              ; 00:00:04                           ;
; TimeQuest Timing Analyzer ; 00:00:03     ; 2.0                     ; 688 MB              ; 00:00:04                           ;
; EDA Netlist Writer        ; 00:00:04     ; 1.0                     ; 499 MB              ; 00:00:03                           ;
; Total                     ; 00:00:41     ; --                      ; --                  ; 00:00:48                           ;
+---------------------------+--------------+-------------------------+---------------------+------------------------------------+


+----------------------------------------------------------------------------------------+
; Flow OS Summary                                                                        ;
+---------------------------+------------------+-----------+------------+----------------+
; Module Name               ; Machine Hostname ; OS Name   ; OS Version ; Processor type ;
+---------------------------+------------------+-----------+------------+----------------+
; Analysis & Synthesis      ; CEC-EGB267-10    ; Windows 7 ; 6.2        ; x86_64         ;
; Fitter                    ; CEC-EGB267-10    ; Windows 7 ; 6.2        ; x86_64         ;
; Assembler                 ; CEC-EGB267-10    ; Windows 7 ; 6.2        ; x86_64         ;
; TimeQuest Timing Analyzer ; CEC-EGB267-10    ; Windows 7 ; 6.2        ; x86_64         ;
; EDA Netlist Writer        ; CEC-EGB267-10    ; Windows 7 ; 6.2        ; x86_64         ;
+---------------------------+------------------+-----------+------------+----------------+


------------
; Flow Log ;
------------
quartus_map --read_settings_files=on --write_settings_files=off lcd -c lcd
quartus_fit --read_settings_files=off --write_settings_files=off lcd -c lcd
quartus_asm --read_settings_files=off --write_settings_files=off lcd -c lcd
quartus_sta lcd -c lcd
quartus_eda --read_settings_files=off --write_settings_files=off lcd -c lcd



