Flow report for Lcd
Wed Oct 19 12:41:24 2016
Quartus II 64-Bit Version 15.0.0 Build 145 04/22/2015 Patches 0.01we SJ Web Edition


---------------------
; Table of Contents ;
---------------------
  1. Legal Notice
  2. Flow Summary
  3. Flow Settings
  4. Flow Non-Default Global Settings
  5. Flow Elapsed Time
  6. Flow OS Summary
  7. Flow Log
  8. Flow Messages
  9. Flow Suppressed Messages



----------------
; Legal Notice ;
----------------
Copyright (C) 1991-2015 Altera Corporation. All rights reserved.
Your use of Altera Corporation's design tools, logic functions 
and other software and tools, and its AMPP partner logic 
functions, and any output files from any of the foregoing 
(including device programming or simulation files), and any 
associated documentation or information are expressly subject 
to the terms and conditions of the Altera Program License 
Subscription Agreement, the Altera Quartus II License Agreement,
the Altera MegaCore Function License Agreement, or other 
applicable license agreement, including, without limitation, 
that your use is for the sole purpose of programming logic 
devices manufactured by Altera and sold by Altera or its 
authorized distributors.  Please refer to the applicable 
agreement for further details.



+------------------------------------------------------------------------------------------------+
; Flow Summary                                                                                   ;
+------------------------------------+-----------------------------------------------------------+
; Flow Status                        ; Successful - Wed Oct 19 12:41:24 2016                     ;
; Quartus II 64-Bit Version          ; 15.0.0 Build 145 04/22/2015 Patches 0.01we SJ Web Edition ;
; Revision Name                      ; Lcd                                                       ;
; Top-level Entity Name              ; Lcd                                                       ;
; Family                             ; Cyclone IV E                                              ;
; Device                             ; EP4CE115F29C7                                             ;
; Timing Models                      ; Final                                                     ;
; Total logic elements               ; 26 / 114,480 ( < 1 % )                                    ;
;     Total combinational functions  ; 26 / 114,480 ( < 1 % )                                    ;
;     Dedicated logic registers      ; 20 / 114,480 ( < 1 % )                                    ;
; Total registers                    ; 20                                                        ;
; Total pins                         ; 13 / 529 ( 2 % )                                          ;
; Total virtual pins                 ; 0                                                         ;
; Total memory bits                  ; 0 / 3,981,312 ( 0 % )                                     ;
; Embedded Multiplier 9-bit elements ; 0 / 532 ( 0 % )                                           ;
; Total PLLs                         ; 0 / 4 ( 0 % )                                             ;
+------------------------------------+-----------------------------------------------------------+


+-----------------------------------------+
; Flow Settings                           ;
+-------------------+---------------------+
; Option            ; Setting             ;
+-------------------+---------------------+
; Start date & time ; 10/19/2016 12:40:43 ;
; Main task         ; Compilation         ;
; Revision Name     ; Lcd                 ;
+-------------------+---------------------+


+---------------------------------------------------------------------------------------------------------------------+
; Flow Non-Default Global Settings                                                                                    ;
+-------------------------------------+--------------------------------+---------------+-------------+----------------+
; Assignment Name                     ; Value                          ; Default Value ; Entity Name ; Section Id     ;
+-------------------------------------+--------------------------------+---------------+-------------+----------------+
; COMPILER_SIGNATURE_ID               ; 0.147689524229085              ; --            ; --          ; --             ;
; EDA_GENERATE_FUNCTIONAL_NETLIST     ; On                             ; --            ; --          ; eda_simulation ;
; EDA_NETLIST_WRITER_OUTPUT_DIR       ; M:/ece287/lcd/simulation/qsim/ ; --            ; --          ; eda_simulation ;
; EDA_OUTPUT_DATA_FORMAT              ; Verilog Hdl                    ; --            ; --          ; eda_simulation ;
; EDA_SIMULATION_TOOL                 ; ModelSim-Altera (Verilog)      ; <None>        ; --          ; --             ;
; MAX_CORE_JUNCTION_TEMP              ; 85                             ; --            ; --          ; --             ;
; MIN_CORE_JUNCTION_TEMP              ; 0                              ; --            ; --          ; --             ;
; NOMINAL_CORE_SUPPLY_VOLTAGE         ; 1.2V                           ; --            ; --          ; --             ;
; PARTITION_COLOR                     ; 16764057                       ; --            ; --          ; Top            ;
; PARTITION_FITTER_PRESERVATION_LEVEL ; PLACEMENT_AND_ROUTING          ; --            ; --          ; Top            ;
; PARTITION_NETLIST_TYPE              ; SOURCE                         ; --            ; --          ; Top            ;
; PROJECT_OUTPUT_DIRECTORY            ; output_files                   ; --            ; --          ; --             ;
+-------------------------------------+--------------------------------+---------------+-------------+----------------+


+-------------------------------------------------------------------------------------------------------------------------------+
; Flow Elapsed Time                                                                                                             ;
+---------------------------+--------------+-------------------------+---------------------+------------------------------------+
; Module Name               ; Elapsed Time ; Average Processors Used ; Peak Virtual Memory ; Total CPU Time (on all processors) ;
+---------------------------+--------------+-------------------------+---------------------+------------------------------------+
; Analysis & Synthesis      ; 00:00:11     ; 1.0                     ; 950 MB              ; 00:00:27                           ;
; Fitter                    ; 00:00:15     ; 1.0                     ; 1276 MB             ; 00:00:15                           ;
; Assembler                 ; 00:00:04     ; 1.0                     ; 845 MB              ; 00:00:04                           ;
; TimeQuest Timing Analyzer ; 00:00:02     ; 1.0                     ; 940 MB              ; 00:00:02                           ;
; EDA Netlist Writer        ; 00:00:01     ; 1.0                     ; 1086 MB             ; 00:00:00                           ;
; Total                     ; 00:00:33     ; --                      ; --                  ; 00:00:48                           ;
+---------------------------+--------------+-------------------------+---------------------+------------------------------------+


+---------------------------------------------------------------------------------------------+
; Flow OS Summary                                                                             ;
+---------------------------+------------------+----------------+------------+----------------+
; Module Name               ; Machine Hostname ; OS Name        ; OS Version ; Processor type ;
+---------------------------+------------------+----------------+------------+----------------+
; Analysis & Synthesis      ; mathison         ; Ubuntu 16.04.1 ; 16         ; x86_64         ;
; Fitter                    ; mathison         ; Ubuntu 16.04.1 ; 16         ; x86_64         ;
; Assembler                 ; mathison         ; Ubuntu 16.04.1 ; 16         ; x86_64         ;
; TimeQuest Timing Analyzer ; mathison         ; Ubuntu 16.04.1 ; 16         ; x86_64         ;
; EDA Netlist Writer        ; mathison         ; Ubuntu 16.04.1 ; 16         ; x86_64         ;
+---------------------------+------------------+----------------+------------+----------------+


------------
; Flow Log ;
------------
quartus_map --read_settings_files=on --write_settings_files=off Lcd -c Lcd
quartus_fit --read_settings_files=off --write_settings_files=off Lcd -c Lcd
quartus_asm --read_settings_files=off --write_settings_files=off Lcd -c Lcd
quartus_sta Lcd -c Lcd
quartus_eda --read_settings_files=off --write_settings_files=off Lcd -c Lcd



